
Showing logs for build [32mcb-kubecd-environment-pr-193-50-xdgmf-1[0m stage [32mfrom-build-pack[0m and container [32mstep-credential-initializer-b6njq[0m
{"level":"warn","ts":1585927467.6556528,"logger":"fallback-logger","caller":"logging/config.go:69","msg":"Fetch GitHub commit ID from kodata failed: \"ref: refs/heads/0.8.0-**-support-backwards-incompats\" is not a valid GitHub commit ID"}
{"level":"info","ts":1585927467.6572719,"logger":"fallback-logger","caller":"creds-init/main.go:40","msg":"Credentials initialized."}

Showing logs for build [32mcb-kubecd-environment-pr-193-50-xdgmf-1[0m stage [32mfrom-build-pack[0m and container [32mstep-working-dir-initializer-s7k9q[0m
{"level":"warn","ts":1585927468.5105982,"logger":"fallback-logger","caller":"logging/config.go:69","msg":"Fetch GitHub commit ID from kodata failed: open /var/run/ko/HEAD: no such file or directory"}
{"level":"info","ts":1585927468.5122,"logger":"fallback-logger","caller":"bash/main.go:64","msg":"Successfully executed command \"sh -c mkdir -p /workspace/source\"; output "}

Showing logs for build [32mcb-kubecd-environment-pr-193-50-xdgmf-1[0m stage [32mfrom-build-pack[0m and container [32mstep-place-tools[0m

Showing logs for build [32mcb-kubecd-environment-pr-193-50-xdgmf-1[0m stage [32mfrom-build-pack[0m and container [32mstep-git-source-cb-kubecd-environment-pr-193-50-xdgmf-f8zvs[0m
{"level":"warn","ts":1585927473.678574,"logger":"fallback-logger","caller":"logging/config.go:69","msg":"Fetch GitHub commit ID from kodata failed: \"ref: refs/heads/0.8.0-**-support-backwards-incompats\" is not a valid GitHub commit ID"}
{"level":"info","ts":1585927474.7611873,"logger":"fallback-logger","caller":"git/git.go:103","msg":"Successfully cloned https://github.com/cb-kubecd/environment-pr-193-50-boot-vault-gke-staging.git @ master in path /workspace/source"}

Showing logs for build [32mcb-kubecd-environment-pr-193-50-xdgmf-1[0m stage [32mfrom-build-pack[0m and container [32mstep-git-merge[0m
Using SHAs from PULL_REFS=master:d038f96924fc66446bf860e8076352a7b2e2488c,3:395e1615cc2acfc5f2e986632fd665115d96f735
DEBUG: JX_LOG_LEVEL=error LC_ALL=C git fetch origin --unshallow 395e1615cc2acfc5f2e986632fd665115d96f735: d038f96924fc66446bf860e8076352a7b2e2488c:
DEBUG: ran git fetch --unshallow origin 395e1615cc2acfc5f2e986632fd665115d96f735: d038f96924fc66446bf860e8076352a7b2e2488c: in 
DEBUG: JX_LOG_LEVEL=error LC_ALL=C git branch
DEBUG: LC_ALL=C JX_LOG_LEVEL=error git checkout master
DEBUG: ran git checkout master in 
DEBUG: LC_ALL=C JX_LOG_LEVEL=error git reset --hard d038f96924fc66446bf860e8076352a7b2e2488c
DEBUG: ran git reset --hard d038f96924fc66446bf860e8076352a7b2e2488c in 
DEBUG: LC_ALL=C JX_LOG_LEVEL=error git clean -fd .
DEBUG: ran clean --force -d . in 
DEBUG: LC_ALL=C JX_LOG_LEVEL=error git merge 395e1615cc2acfc5f2e986632fd665115d96f735
DEBUG: ran git merge 395e1615cc2acfc5f2e986632fd665115d96f735 in 
DEBUG: LC_ALL=C JX_LOG_LEVEL=error git log --format=%H%x1f%an%x1f%ae%x1f%cn%x1f%ce%x1f%s%n%b%x1e d038f96924fc66446bf860e8076352a7b2e2488c..HEAD
Merged SHA 395e1615cc2acfc5f2e986632fd665115d96f735 with commit message 'chore: Promote bdd-nh-1585926042 to version 0.0.1' into base branch master

Showing logs for build [32mcb-kubecd-environment-pr-193-50-xdgmf-1[0m stage [32mfrom-build-pack[0m and container [32mstep-build-helm-build[0m
WARNING: No $CHART_REPOSITORY defined so using the default value of: http://jenkins-x-chartmuseum:8080
Adding missing Helm repo: storage.googleapis.com https://storage.googleapis.com/chartmuseum.jenkins-x.io
WARNING: No secrets found on "helm/repos" due: reading the secret "helm/repos" from vault: no secret "helm/repos" not found in vault
Read credentials for https://storage.googleapis.com/chartmuseum.jenkins-x.io from vault helm/repos
Successfully added Helm repository storage.googleapis.com.
Adding missing Helm repo: jenkins-x-chartmuseum http://jenkins-x-chartmuseum:8080
WARNING: No secrets found on "helm/repos" due: reading the secret "helm/repos" from vault: no secret "helm/repos" not found in vault
Read credentials for http://jenkins-x-chartmuseum:8080 from vault helm/repos
Successfully added Helm repository jenkins-x-chartmuseum.
WARNING: No $CHART_REPOSITORY defined so using the default value of: http://jenkins-x-chartmuseum:8080
Adding missing Helm repo: chartmuseum.jenkins-x.io http://chartmuseum.jenkins-x.io
WARNING: No secrets found on "helm/repos" due: reading the secret "helm/repos" from vault: no secret "helm/repos" not found in vault
Read credentials for http://chartmuseum.jenkins-x.io from vault helm/repos
Successfully added Helm repository chartmuseum.jenkins-x.io.
